<?xml version="1.0" encoding="UTF-8"?>
<!-- Generated by org.testng.reporters.JUnitReportReporter -->
<testsuite hostname="Nani" failures="0" tests="4" name="api.test.UserTests" time="16.908" errors="0" timestamp="2025-05-11T18:18:21 IST" skipped="0">
  <testcase classname="api.test.UserTests" name="post_User" time="9.793"/>
  <testcase classname="api.test.UserTests" name="get_User" time="1.638"/>
  <testcase classname="api.test.UserTests" name="update_user" time="3.062"/>
  <testcase classname="api.test.UserTests" name="delete_user" time="2.415"/>
</testsuite> <!-- api.test.UserTests -->
